<?xml version="1.0" encoding="UTF-8"?>
<testng-results skipped="1" failed="0" total="1" passed="0">
  <reporter-output>
  </reporter-output>
  <suite name="Default suite" duration-ms="42" started-at="2019-09-30T10:13:18Z" finished-at="2019-09-30T10:13:18Z">
    <groups>
    </groups>
    <test name="Default test" duration-ms="42" started-at="2019-09-30T10:13:18Z" finished-at="2019-09-30T10:13:18Z">
      <class name="testcases.tests">
        <test-method status="FAIL" signature="beforeTest()[pri:0, instance:testcases.tests@c667f46]" name="beforeTest" is-config="true" duration-ms="0" started-at="2019-09-30T15:43:18Z" finished-at="2019-09-30T15:43:18Z">
          <exception class="java.lang.NullPointerException">
            <full-stacktrace>
              <![CDATA[java.lang.NullPointerException
	at commonFunctions.BrowserFunctions.getDriver(BrowserFunctions.java:21)
	at commonFunctions.BrowserFunctions.launchBrowser(BrowserFunctions.java:47)
	at testcases.tests.beforeTest(tests.java:33)
	at sun.reflect.NativeMethodAccessorImpl.invoke0(Native Method)
	at sun.reflect.NativeMethodAccessorImpl.invoke(NativeMethodAccessorImpl.java:62)
	at sun.reflect.DelegatingMethodAccessorImpl.invoke(DelegatingMethodAccessorImpl.java:43)
	at java.lang.reflect.Method.invoke(Method.java:498)
	at org.testng.internal.MethodInvocationHelper.invokeMethod(MethodInvocationHelper.java:85)
	at org.testng.internal.Invoker.invokeConfigurationMethod(Invoker.java:510)
	at org.testng.internal.Invoker.invokeConfigurations(Invoker.java:211)
	at org.testng.internal.Invoker.invokeConfigurations(Invoker.java:138)
	at org.testng.TestRunner.beforeRun(TestRunner.java:648)
	at org.testng.TestRunner.run(TestRunner.java:616)
	at org.testng.SuiteRunner.runTest(SuiteRunner.java:359)
	at org.testng.SuiteRunner.runSequentially(SuiteRunner.java:354)
	at org.testng.SuiteRunner.privateRun(SuiteRunner.java:312)
	at org.testng.SuiteRunner.run(SuiteRunner.java:261)
	at org.testng.SuiteRunnerWorker.runSuite(SuiteRunnerWorker.java:52)
	at org.testng.SuiteRunnerWorker.run(SuiteRunnerWorker.java:86)
	at org.testng.TestNG.runSuitesSequentially(TestNG.java:1191)
	at org.testng.TestNG.runSuitesLocally(TestNG.java:1116)
	at org.testng.TestNG.run(TestNG.java:1024)
	at org.testng.remote.AbstractRemoteTestNG.run(AbstractRemoteTestNG.java:115)
	at org.testng.remote.RemoteTestNG.initAndRun(RemoteTestNG.java:251)
	at org.testng.remote.RemoteTestNG.main(RemoteTestNG.java:77)
]]>
            </full-stacktrace>
          </exception> <!-- java.lang.NullPointerException -->
          <reporter-output>
          </reporter-output>
        </test-method> <!-- beforeTest -->
        <test-method status="SKIP" signature="tc1_sortable()[pri:0, instance:testcases.tests@c667f46]" name="tc1_sortable" duration-ms="3" started-at="2019-09-30T15:43:18Z" finished-at="2019-09-30T15:43:18Z">
          <reporter-output>
          </reporter-output>
        </test-method> <!-- tc1_sortable -->
      </class> <!-- testcases.tests -->
    </test> <!-- Default test -->
  </suite> <!-- Default suite -->
</testng-results>
