<?xml version="1.0" encoding="UTF-8" ?>
<testsuite tests="62" failures="0" name="cucumberOptions.TestRunner" time="0.017" errors="0" skipped="16">
  <properties>
[...]
</properties>
  <testcase classname="Scenario: HTML Contact form" name="Given opened selected browser" time="0.001"/>
  <testcase classname="Scenario: HTML Contact form" name="When launch url" time="0"/>
  <testcase classname="Scenario: HTML Contact form" name="Then ToolsQA Page displayed" time="0"/>
  <testcase classname="Scenario: HTML Contact form" name="Given User is on HTML Contact form" time="0"/>
  <testcase classname="Scenario: HTML Contact form" name="When User enters text &quot;Vinay&quot; in &quot;First Name&quot;" time="0"/>
  <testcase classname="Scenario: HTML Contact form" name="And User enters text &quot;Varma&quot; in &quot;Last Name&quot;" time="0"/>
  <testcase classname="Scenario: HTML Contact form" name="And User enters text &quot;India&quot; in &quot;Country&quot;" time="0"/>
  <testcase classname="Scenario: HTML Contact form" name="Then Click button &quot;submit&quot;" time="0"/>
  <testcase classname="Scenario: HTML Contact form" name="And Target page found" time="0.001"/>
  <testcase classname="Scenario: HTML Contact form" name="Scenario: HTML Contact form" time="0.001"/>
  <testcase classname="Scenario: HTML Contact form1" name="Given opened selected browser" time="0"/>
  <testcase classname="Scenario: HTML Contact form1" name="When launch url" time="0"/>
  <testcase classname="Scenario: HTML Contact form1" name="Then ToolsQA Page displayed" time="0"/>
  <testcase classname="Scenario: HTML Contact form1" name="Given User is on HTML Contact form" time="0"/>
  <testcase classname="Scenario: HTML Contact form1" name="When User enters form with following details" time="0"/>
  <testcase classname="Scenario: HTML Contact form1" name="Then Click button &quot;submit&quot;" time="0"/>
  <testcase classname="Scenario: HTML Contact form1" name="And Target page found" time="0"/>
  <testcase classname="Scenario: HTML Contact form1" name="Scenario: HTML Contact form1" time="0"/>
  <testcase classname="Scenario: HTML Contact form2" name="Given opened selected browser" time="0"/>
  <testcase classname="Scenario: HTML Contact form2" name="When launch url" time="0"/>
  <testcase classname="Scenario: HTML Contact form2" name="Then ToolsQA Page displayed" time="0"/>
  <testcase classname="Scenario: HTML Contact form2" name="Given User is on HTML Contact form" time="0.001"/>
  <testcase classname="Scenario: HTML Contact form2" name="When User enters form with following details" time="0"/>
  <testcase classname="Scenario: HTML Contact form2" name="Then Click button &quot;submit&quot;" time="0"/>
  <testcase classname="Scenario: HTML Contact form2" name="And Target page found" time="0"/>
  <testcase classname="Scenario: HTML Contact form2" name="Scenario: HTML Contact form2" time="0"/>
  <testcase classname="| Vinay1 | Simha1 | India |" name="Given opened selected browser" time="0"/>
  <testcase classname="| Vinay1 | Simha1 | India |" name="When launch url" time="0"/>
  <testcase classname="| Vinay1 | Simha1 | India |" name="Then ToolsQA Page displayed" time="0"/>
  <testcase classname="| Vinay1 | Simha1 | India |" name="Given User is on HTML Contact form" time="0"/>
  <testcase classname="| Vinay1 | Simha1 | India |" name="When User enters form with Vinay1, Simha1, India" time="0.001">
    <skipped/>
  </testcase>
  <testcase classname="| Vinay1 | Simha1 | India |" name="Then Click button &quot;submit&quot;" time="0.002">
    <skipped/>
  </testcase>
  <testcase classname="| Vinay1 | Simha1 | India |" name="And Target page found" time="0.002">
    <skipped/>
  </testcase>
  <testcase classname="| Vinay1 | Simha1 | India |" name="| Vinay1 | Simha1 | India |" time="0.002">
    <skipped/>
  </testcase>
  <testcase classname="| Vinay1 | Simha1 | India |" name="| Vinay1 | Simha1 | India |" time="0.002"/>
  <testcase classname="| Vinay2 | Simha2 | United States |" name="Given opened selected browser" time="0"/>
  <testcase classname="| Vinay2 | Simha2 | United States |" name="When launch url" time="0"/>
  <testcase classname="| Vinay2 | Simha2 | United States |" name="Then ToolsQA Page displayed" time="0"/>
  <testcase classname="| Vinay2 | Simha2 | United States |" name="Given User is on HTML Contact form" time="0"/>
  <testcase classname="| Vinay2 | Simha2 | United States |" name="When User enters form with Vinay2, Simha2, United States" time="0">
    <skipped/>
  </testcase>
  <testcase classname="| Vinay2 | Simha2 | United States |" name="Then Click button &quot;submit&quot;" time="0.001">
    <skipped/>
  </testcase>
  <testcase classname="| Vinay2 | Simha2 | United States |" name="And Target page found" time="0.001">
    <skipped/>
  </testcase>
  <testcase classname="| Vinay2 | Simha2 | United States |" name="| Vinay2 | Simha2 | United States |" time="0.001">
    <skipped/>
  </testcase>
  <testcase classname="| Vinay2 | Simha2 | United States |" name="| Vinay2 | Simha2 | United States |" time="0.001"/>
  <testcase classname="| Vinay3 | Simha3 | Canada |" name="Given opened selected browser" time="0"/>
  <testcase classname="| Vinay3 | Simha3 | Canada |" name="When launch url" time="0"/>
  <testcase classname="| Vinay3 | Simha3 | Canada |" name="Then ToolsQA Page displayed" time="0"/>
  <testcase classname="| Vinay3 | Simha3 | Canada |" name="Given User is on HTML Contact form" time="0"/>
  <testcase classname="| Vinay3 | Simha3 | Canada |" name="When User enters form with Vinay3, Simha3, Canada" time="0">
    <skipped/>
  </testcase>
  <testcase classname="| Vinay3 | Simha3 | Canada |" name="Then Click button &quot;submit&quot;" time="0">
    <skipped/>
  </testcase>
  <testcase classname="| Vinay3 | Simha3 | Canada |" name="And Target page found" time="0">
    <skipped/>
  </testcase>
  <testcase classname="| Vinay3 | Simha3 | Canada |" name="| Vinay3 | Simha3 | Canada |" time="0">
    <skipped/>
  </testcase>
  <testcase classname="| Vinay3 | Simha3 | Canada |" name="| Vinay3 | Simha3 | Canada |" time="0"/>
  <testcase classname="| Vinay4 | Simha4 | Ireland |" name="Given opened selected browser" time="0"/>
  <testcase classname="| Vinay4 | Simha4 | Ireland |" name="When launch url" time="0"/>
  <testcase classname="| Vinay4 | Simha4 | Ireland |" name="Then ToolsQA Page displayed" time="0"/>
  <testcase classname="| Vinay4 | Simha4 | Ireland |" name="Given User is on HTML Contact form" time="0"/>
  <testcase classname="| Vinay4 | Simha4 | Ireland |" name="When User enters form with Vinay4, Simha4, Ireland" time="0">
    <skipped/>
  </testcase>
  <testcase classname="| Vinay4 | Simha4 | Ireland |" name="Then Click button &quot;submit&quot;" time="0">
    <skipped/>
  </testcase>
  <testcase classname="| Vinay4 | Simha4 | Ireland |" name="And Target page found" time="0">
    <skipped/>
  </testcase>
  <testcase classname="| Vinay4 | Simha4 | Ireland |" name="| Vinay4 | Simha4 | Ireland |" time="0">
    <skipped/>
  </testcase>
  <testcase classname="| Vinay4 | Simha4 | Ireland |" name="| Vinay4 | Simha4 | Ireland |" time="0"/>
</testsuite>